07/04/2024 10:50:10 [Project.client.Client] ([32mINFO[0m):
> Client Created
07/04/2024 10:50:10 [Project.client.Client] ([32mINFO[0m):
> Client starting
07/04/2024 10:51:13 [Project.client.Client] ([32mINFO[0m):
> Client connected
07/04/2024 10:51:13 [Project.client.Client] ([32mINFO[0m):
> Received Payload: Payload[CLIENT_ID] Client Id [1] Message: [null] Client Name [jason] Status [connect]
07/04/2024 10:51:13 [Project.client.Client] ([32mINFO[0m):
> Received Payload: Payload[ROOM_JOIN] Client Id [1] Message: [lobby] Client Name [jason] Status [connect]
07/04/2024 10:51:29 [Project.client.Client] ([32mINFO[0m):
> Received Payload: Payload[MESSAGE] Client Id [1] Message: [jason flipped a coin and got heads]
07/04/2024 10:52:47 [Project.client.Client] ([32mINFO[0m):
> Received Payload: Payload[MESSAGE] Client Id [1] Message: [/ROLL]
07/04/2024 10:52:57 [Project.client.Client] ([32mINFO[0m):
> Received Payload: Payload[MESSAGE] Client Id [1] Message: [jason flipped a coin and got heads]
07/04/2024 10:54:28 [Project.client.Client] ([32mINFO[0m):
> Received Payload: Payload[MESSAGE] Client Id [1] Message: [/leave]
07/04/2024 10:54:37 [Project.client.Client] ([32mINFO[0m):
> Received Payload: Payload[DISCONNECT] Client Id [1] Message: [null] Client Name [jason] Status [disconnect]
07/04/2024 10:54:37 [Project.client.Client] ([32mINFO[0m):
> Closing output stream
07/04/2024 10:54:37 [Project.client.Client] ([32mINFO[0m):
> Closing input stream
07/04/2024 10:54:37 [Project.client.Client] ([32mINFO[0m):
> Closing connection
07/04/2024 10:54:37 [Project.client.Client] ([32mINFO[0m):
> Closed socket
07/04/2024 10:54:37 [Project.client.Client] ([32mINFO[0m):
> Closing output stream
07/04/2024 10:54:37 [Project.client.Client] ([32mINFO[0m):
> Closing input stream
07/04/2024 10:54:37 [Project.client.Client] ([32mINFO[0m):
> Closing connection
07/04/2024 10:54:37 [Project.client.Client] ([32mINFO[0m):
> Closed socket
07/04/2024 10:54:37 [Project.client.Client] ([32mINFO[0m):
> listenToServer thread stopped
07/04/2024 11:09:21 [Project.client.Client] ([32mINFO[0m):
> Client Created
07/04/2024 11:09:21 [Project.client.Client] ([32mINFO[0m):
> Client starting
07/04/2024 11:09:50 [Project.client.Client] ([32mINFO[0m):
> Client Created
07/04/2024 11:09:50 [Project.client.Client] ([32mINFO[0m):
> Client starting
07/04/2024 11:09:59 [Project.client.Client] ([32mINFO[0m):
> Client connected
07/04/2024 11:10:00 [Project.client.Client] ([32mINFO[0m):
> Received Payload: Payload[CLIENT_ID] Client Id [1] Message: [null] Client Name [Jason] Status [connect]
07/04/2024 11:10:00 [Project.client.Client] ([32mINFO[0m):
> Received Payload: Payload[ROOM_JOIN] Client Id [1] Message: [lobby] Client Name [Jason] Status [connect]
07/04/2024 11:15:03 [Project.client.Client] ([32mINFO[0m):
> Received Payload: Payload[MESSAGE] Client Id [1] Message: [Jason flipped a coin and got heads]
07/04/2024 11:19:05 [Project.client.Client] ([31mSEVERE[0m):
> Error in listentToInput()
	at java.base/java.util.Scanner.nextLine(Scanner.java:1677)
	at Project.client.Client.listenToInput(Client.java:334)
	at java.base/java.util.concurrent.CompletableFuture$AsyncRun.run(CompletableFuture.java:1804)
	at java.base/java.util.concurrent.CompletableFuture$AsyncRun.exec(CompletableFuture.java:1796)
	at java.base/java.util.concurrent.ForkJoinTask.doExec(ForkJoinTask.java:507)
	at java.base/java.util.concurrent.ForkJoinPool$WorkQueue.topLevelExec(ForkJoinPool.java:1491)
	at java.base/java.util.concurrent.ForkJoinPool.scan(ForkJoinPool.java:2073)
	at java.base/java.util.concurrent.ForkJoinPool.runWorker(ForkJoinPool.java:2035)
	at java.base/java.util.concurrent.ForkJoinWorkerThread.run(ForkJoinWorkerThread.java:187)

07/04/2024 11:19:05 [Project.client.Client] ([32mINFO[0m):
> listenToInput thread stopped
07/04/2024 11:19:48 [Project.client.Client] ([32mINFO[0m):
> Client Created
07/04/2024 11:19:49 [Project.client.Client] ([32mINFO[0m):
> Client starting
07/04/2024 11:19:56 [Project.client.Client] ([32mINFO[0m):
> Client connected
07/04/2024 11:19:56 [Project.client.Client] ([32mINFO[0m):
> Received Payload: Payload[CLIENT_ID] Client Id [1] Message: [null] Client Name [Jason] Status [connect]
07/04/2024 11:19:56 [Project.client.Client] ([32mINFO[0m):
> Received Payload: Payload[ROOM_JOIN] Client Id [1] Message: [lobby] Client Name [Jason] Status [connect]
07/04/2024 11:20:00 [Project.client.Client] ([32mINFO[0m):
> Received Payload: Payload[MESSAGE] Client Id [1] Message: [Jason rolled 2d6 and got 8]
07/04/2024 11:20:26 [Project.client.Client] ([32mINFO[0m):
> Received Payload: Payload[MESSAGE] Client Id [1] Message: [Jason rolled 2d8 and got 4]
07/04/2024 11:39:54 [Project.client.Client] ([32mINFO[0m):
> Received Payload: Payload[MESSAGE] Client Id [1] Message: [null]
07/04/2024 11:40:06 [Project.client.Client] ([32mINFO[0m):
> Received Payload: Payload[MESSAGE] Client Id [1] Message: [clear]
07/04/2024 11:40:09 [Project.client.Client] ([31mSEVERE[0m):
> Error in listentToInput()
	at java.base/java.util.Scanner.nextLine(Scanner.java:1677)
	at Project.client.Client.listenToInput(Client.java:334)
	at java.base/java.util.concurrent.CompletableFuture$AsyncRun.run(CompletableFuture.java:1804)
	at java.base/java.util.concurrent.CompletableFuture$AsyncRun.exec(CompletableFuture.java:1796)
	at java.base/java.util.concurrent.ForkJoinTask.doExec(ForkJoinTask.java:507)
	at java.base/java.util.concurrent.ForkJoinPool$WorkQueue.topLevelExec(ForkJoinPool.java:1491)
	at java.base/java.util.concurrent.ForkJoinPool.scan(ForkJoinPool.java:2073)
	at java.base/java.util.concurrent.ForkJoinPool.runWorker(ForkJoinPool.java:2035)
	at java.base/java.util.concurrent.ForkJoinWorkerThread.run(ForkJoinWorkerThread.java:187)

07/04/2024 11:40:15 [Project.client.Client] ([32mINFO[0m):
> Client Created
07/04/2024 11:40:16 [Project.client.Client] ([32mINFO[0m):
> Client starting
07/04/2024 11:40:25 [Project.client.Client] ([32mINFO[0m):
> Client connected
07/04/2024 11:40:25 [Project.client.Client] ([32mINFO[0m):
> Received Payload: Payload[CLIENT_ID] Client Id [2] Message: [null] Client Name [Jason] Status [connect]
07/04/2024 11:40:25 [Project.client.Client] ([32mINFO[0m):
> Received Payload: Payload[ROOM_JOIN] Client Id [2] Message: [lobby] Client Name [Jason] Status [connect]
07/04/2024 11:40:25 [Project.client.Client] ([32mINFO[0m):
> Received Payload: Payload[SYNC_CLIENT] Client Id [1] Message: [null] Client Name [Jason] Status [connect]
07/04/2024 11:40:31 [Project.client.Client] ([32mINFO[0m):
> Received Payload: Payload[MESSAGE] Client Id [2] Message: [Jason rolled 2d6 and got 7]
07/04/2024 11:40:37 [Project.client.Client] ([32mINFO[0m):
> Received Payload: Payload[MESSAGE] Client Id [2] Message: [Jason rolled 4d8 and got 19]
07/04/2024 11:40:43 [Project.client.Client] ([32mINFO[0m):
> Received Payload: Payload[MESSAGE] Client Id [2] Message: [Jason rolled 1d6 and got 4]
07/04/2024 11:42:38 [Project.client.Client] ([32mINFO[0m):
> Received Payload: Payload[MESSAGE] Client Id [2] Message: [Jason flipped a coin and got heads]
07/04/2024 11:42:41 [Project.client.Client] ([32mINFO[0m):
> Received Payload: Payload[MESSAGE] Client Id [2] Message: [Jason flipped a coin and got heads]
07/04/2024 11:42:44 [Project.client.Client] ([32mINFO[0m):
> Received Payload: Payload[MESSAGE] Client Id [2] Message: [Jason flipped a coin and got heads]
07/04/2024 11:42:46 [Project.client.Client] ([32mINFO[0m):
> Received Payload: Payload[MESSAGE] Client Id [2] Message: [Jason flipped a coin and got tails]
07/04/2024 13:39:25 [Project.client.Client] ([32mINFO[0m):
> Received Payload: Payload[DISCONNECT] Client Id [1] Message: [null] Client Name [Jason] Status [disconnect]
07/04/2024 13:39:25 [Project.client.Client] ([32mINFO[0m):
> Received Payload: Payload[DISCONNECT] Client Id [2] Message: [null] Client Name [Jason] Status [disconnect]
07/04/2024 13:39:25 [Project.client.Client] ([32mINFO[0m):
> Closing output stream
07/04/2024 13:39:25 [Project.client.Client] ([32mINFO[0m):
> Closing input stream
07/04/2024 13:39:25 [Project.client.Client] ([32mINFO[0m):
> Closing connection
07/04/2024 13:39:25 [Project.client.Client] ([32mINFO[0m):
> Closed socket
07/04/2024 13:39:25 [Project.client.Client] ([32mINFO[0m):
> Closing output stream
07/04/2024 13:39:25 [Project.client.Client] ([32mINFO[0m):
> Closing input stream
07/04/2024 13:39:25 [Project.client.Client] ([32mINFO[0m):
> Closing connection
07/04/2024 13:39:25 [Project.client.Client] ([32mINFO[0m):
> Closed socket
07/04/2024 13:39:25 [Project.client.Client] ([32mINFO[0m):
> listenToServer thread stopped
07/07/2024 10:25:58 [Project.client.Client] ([32mINFO[0m):
> Client Created
07/07/2024 10:25:58 [Project.client.Client] ([32mINFO[0m):
> Client starting
07/07/2024 10:26:11 [Project.client.Client] ([32mINFO[0m):
> Client connected
07/07/2024 10:26:11 [Project.client.Client] ([32mINFO[0m):
> Received Payload: Payload[CLIENT_ID] Client Id [1] Message: [null] Client Name [jason] Status [connect]
07/07/2024 10:26:11 [Project.client.Client] ([32mINFO[0m):
> Received Payload: Payload[ROOM_JOIN] Client Id [1] Message: [lobby] Client Name [jason] Status [connect]
07/07/2024 10:26:33 [Project.client.Client] ([32mINFO[0m):
> Received Payload: Payload[MESSAGE] Client Id [1] Message: [<b>hey</b>]
07/07/2024 10:26:40 [Project.client.Client] ([32mINFO[0m):
> Received Payload: Payload[MESSAGE] Client Id [1] Message: [<i>hey</i>]
07/07/2024 10:28:00 [Project.client.Client] ([32mINFO[0m):
> Received Payload: Payload[MESSAGE] Client Id [1] Message: [test <u>underlined</u>]
07/07/2024 10:28:19 [Project.client.Client] ([32mINFO[0m):
> Received Payload: Payload[MESSAGE] Client Id [1] Message: [Color <red> red </red>]
07/07/2024 10:28:46 [Project.client.Client] ([32mINFO[0m):
> Received Payload: Payload[MESSAGE] Client Id [1] Message: [<b>hey</b> i <i>like</i> the color <blue> blue </blue>]
07/07/2024 10:29:16 [Project.client.Client] ([32mINFO[0m):
> Received Payload: Payload[MESSAGE] Client Id [1] Message: [i like <green> green! </green>]
07/07/2024 10:36:15 [Project.client.Client] ([32mINFO[0m):
> Received Payload: Payload[DISCONNECT] Client Id [1] Message: [null] Client Name [jason] Status [disconnect]
07/07/2024 10:36:15 [Project.client.Client] ([32mINFO[0m):
> Closing output stream
07/07/2024 10:36:15 [Project.client.Client] ([32mINFO[0m):
> Closing input stream
07/07/2024 10:36:15 [Project.client.Client] ([32mINFO[0m):
> Closing connection
07/07/2024 10:36:15 [Project.client.Client] ([32mINFO[0m):
> Closed socket
07/07/2024 10:36:15 [Project.client.Client] ([32mINFO[0m):
> Closing output stream
07/07/2024 10:36:15 [Project.client.Client] ([32mINFO[0m):
> Closing input stream
07/07/2024 10:36:15 [Project.client.Client] ([32mINFO[0m):
> Closing connection
07/07/2024 10:36:15 [Project.client.Client] ([32mINFO[0m):
> Closed socket
07/07/2024 10:36:15 [Project.client.Client] ([32mINFO[0m):
> listenToServer thread stopped
